{
  "RSpec": {
    "coverage": {
      "/Users/shailykhamesra/library_system/spec/controllers/books_controller_spec.rb": [
        1,
        1,
        1,
        1,
        1,
        1,
        null,
        null,
        1,
        1,
        1,
        1,
        1,
        null,
        1,
        1,
        1,
        1,
        1,
        null,
        null,
        1,
        1,
        1,
        1,
        1,
        null,
        1,
        1,
        1,
        1,
        1,
        null,
        null,
        1,
        1,
        1,
        1,
        1,
        1,
        1,
        null,
        null,
        1,
        1,
        1,
        1,
        1,
        1,
        1,
        null,
        1,
        1,
        1,
        1,
        1,
        1,
        1,
        null,
        1,
        1,
        1,
        1,
        1,
        1,
        1,
        null,
        1,
        1,
        1,
        1,
        1,
        1,
        1,
        1,
        1,
        null,
        null,
        1,
        1,
        1,
        1,
        1,
        1,
        1,
        null,
        1,
        1,
        1,
        1,
        1,
        null,
        1,
        1,
        1,
        1,
        1,
        1,
        1,
        null,
        null,
        1,
        1,
        1,
        1,
        1,
        null,
        1,
        1,
        1,
        1,
        1,
        null,
        1,
        1,
        1,
        null,
        null,
        null
      ],
      "/Users/shailykhamesra/library_system/spec/rails_helper.rb": [
        null,
        1,
        1,
        1,
        null,
        1,
        1,
        null,
        null,
        null,
        null,
        null,
        null,
        null,
        null,
        null,
        null,
        null,
        null,
        null,
        null,
        null,
        null,
        null,
        null,
        null,
        1,
        null,
        1,
        null,
        1,
        null,
        null,
        null,
        null,
        1,
        null,
        null,
        null,
        null,
        null,
        null,
        null,
        null,
        null,
        null,
        null,
        null,
        null,
        null,
        1,
        null,
        null,
        1,
        null,
        null,
        null
      ],
      "/Users/shailykhamesra/library_system/config/environment.rb": [
        null,
        1,
        null,
        null,
        1
      ],
      "/Users/shailykhamesra/library_system/config/application.rb": [
        1,
        null,
        1,
        null,
        null,
        null,
        1,
        null,
        1,
        1,
        null,
        1,
        null,
        null,
        null,
        null,
        null,
        null
      ],
      "/Users/shailykhamesra/library_system/config/boot.rb": [
        1,
        null,
        1
      ],
      "/Users/shailykhamesra/library_system/config/environments/test.rb": [
        1,
        null,
        null,
        null,
        null,
        null,
        null,
        1,
        null,
        null,
        null,
        null,
        1,
        null,
        null,
        1,
        1,
        null,
        null,
        null,
        null,
        1,
        1,
        null,
        null,
        1,
        null,
        null,
        1,
        1,
        null,
        null,
        null,
        null,
        1,
        null,
        null,
        1,
        null,
        null,
        null,
        null
      ],
      "/Users/shailykhamesra/library_system/config/initializers/application_controller_renderer.rb": [
        null,
        null,
        null,
        null,
        null,
        null,
        null,
        null
      ],
      "/Users/shailykhamesra/library_system/config/initializers/assets.rb": [
        null,
        null,
        null,
        1,
        null,
        null,
        null,
        null,
        1,
        null,
        null,
        null,
        null,
        null
      ],
      "/Users/shailykhamesra/library_system/config/initializers/backtrace_silencers.rb": [
        null,
        null,
        null,
        null,
        null,
        null,
        null
      ],
      "/Users/shailykhamesra/library_system/config/initializers/cookies_serializer.rb": [
        null,
        null,
        null,
        null,
        1
      ],
      "/Users/shailykhamesra/library_system/config/initializers/filter_parameter_logging.rb": [
        null,
        null,
        null,
        1
      ],
      "/Users/shailykhamesra/library_system/config/initializers/inflections.rb": [
        null,
        null,
        null,
        null,
        null,
        null,
        null,
        null,
        null,
        null,
        null,
        null,
        null,
        null,
        null,
        null
      ],
      "/Users/shailykhamesra/library_system/config/initializers/mime_types.rb": [
        null,
        null,
        null,
        null
      ],
      "/Users/shailykhamesra/library_system/config/initializers/wrap_parameters.rb": [
        null,
        null,
        null,
        null,
        null,
        null,
        1,
        2,
        null,
        null,
        null,
        null,
        null,
        null
      ],
      "/Users/shailykhamesra/library_system/spec/factories/books.rb": [
        1,
        1,
        1,
        1,
        1,
        null,
        null
      ],
      "/Users/shailykhamesra/library_system/spec/factories/categories.rb": [
        1,
        1,
        1,
        null,
        null
      ],
      "/Users/shailykhamesra/library_system/spec/factories/issue_histories.rb": [
        1,
        1,
        1,
        1,
        1,
        null,
        null
      ],
      "/Users/shailykhamesra/library_system/spec/factories/libraries.rb": [
        1,
        1,
        1,
        1,
        1,
        null,
        null
      ],
      "/Users/shailykhamesra/library_system/spec/factories/members.rb": [
        1,
        1,
        1,
        1,
        1,
        1,
        null,
        null
      ],
      "/Users/shailykhamesra/library_system/config/routes.rb": [
        1,
        1,
        1,
        1,
        1,
        1,
        1,
        1,
        null,
        null
      ],
      "/Users/shailykhamesra/library_system/app/helpers/application_helper.rb": [
        1,
        null
      ],
      "/Users/shailykhamesra/library_system/app/controllers/books_controller.rb": [
        1,
        1,
        1,
        1,
        2,
        null,
        null,
        1,
        2,
        2,
        2,
        2,
        null,
        2,
        null,
        null,
        null,
        1,
        1,
        1,
        2,
        null,
        null,
        1,
        2,
        2,
        2,
        2,
        null,
        2,
        null,
        null,
        null,
        1,
        4,
        4,
        4,
        4,
        2,
        null,
        6,
        null,
        null,
        0,
        null,
        null,
        null,
        1,
        3,
        3,
        3,
        2,
        2,
        null,
        2,
        null,
        null,
        2,
        null,
        null,
        null,
        1,
        3,
        3,
        3,
        1,
        2,
        null,
        0,
        null,
        null,
        4,
        null,
        null,
        null,
        1,
        1,
        6,
        null,
        null
      ],
      "/Users/shailykhamesra/library_system/app/controllers/application_controller.rb": [
        1,
        1,
        null
      ],
      "/Users/shailykhamesra/library_system/spec/controllers/categories_controller_spec.rb": [
        1,
        1,
        1,
        1,
        1,
        1,
        null,
        null,
        1,
        1,
        1,
        1,
        1,
        null,
        1,
        1,
        1,
        1,
        1,
        null,
        null,
        1,
        1,
        1,
        1,
        1,
        1,
        null,
        null,
        1,
        1,
        1,
        1,
        1,
        null,
        1,
        1,
        1,
        1,
        1,
        null,
        null,
        1,
        1,
        1,
        1,
        null,
        1,
        1,
        1,
        null,
        null,
        1,
        1,
        1,
        1,
        1,
        1,
        1,
        null,
        1,
        1,
        1,
        1,
        1,
        null,
        1,
        1,
        1,
        1,
        null,
        null,
        1,
        1,
        1,
        1,
        1,
        null,
        1,
        1,
        1,
        null,
        null,
        null
      ],
      "/Users/shailykhamesra/library_system/app/controllers/categories_controller.rb": [
        1,
        1,
        1,
        1,
        2,
        null,
        null,
        1,
        2,
        2,
        2,
        2,
        null,
        2,
        null,
        null,
        null,
        1,
        1,
        1,
        2,
        null,
        null,
        1,
        2,
        2,
        2,
        2,
        null,
        2,
        null,
        null,
        null,
        1,
        2,
        2,
        2,
        1,
        2,
        null,
        null,
        1,
        2,
        null,
        null,
        0,
        0,
        0,
        null,
        null,
        null,
        1,
        3,
        3,
        3,
        2,
        2,
        null,
        2,
        null,
        null,
        2,
        null,
        null,
        null,
        1,
        2,
        2,
        2,
        1,
        2,
        null,
        0,
        null,
        null,
        2,
        null,
        null,
        null,
        1,
        1,
        4,
        null,
        null
      ],
      "/Users/shailykhamesra/library_system/spec/controllers/issue_histories_controller_spec.rb": [
        1,
        1,
        1,
        1,
        1,
        1,
        null,
        null,
        1,
        1,
        1,
        1,
        1,
        null,
        1,
        1,
        1,
        1,
        1,
        null,
        null,
        1,
        1,
        1,
        1,
        1,
        null,
        null,
        1,
        1,
        1,
        1,
        1,
        null,
        1,
        1,
        1,
        1,
        1,
        null,
        null,
        1,
        1,
        1,
        1,
        1,
        null,
        1,
        1,
        1,
        1,
        1,
        null,
        null,
        1,
        1,
        1,
        1,
        1,
        1,
        1,
        null,
        1,
        1,
        1,
        1,
        1,
        null,
        1,
        1,
        1,
        1,
        1,
        1,
        null,
        null,
        1,
        1,
        1,
        1,
        1,
        null,
        1,
        1,
        1,
        1,
        1,
        null,
        1,
        1,
        1,
        null,
        null,
        null
      ],
      "/Users/shailykhamesra/library_system/app/controllers/issue_histories_controller.rb": [
        1,
        1,
        1,
        1,
        2,
        null,
        null,
        1,
        2,
        2,
        2,
        2,
        null,
        2,
        null,
        null,
        null,
        1,
        1,
        1,
        2,
        null,
        null,
        1,
        2,
        2,
        2,
        2,
        null,
        2,
        null,
        null,
        null,
        1,
        2,
        2,
        2,
        0,
        0,
        null,
        null,
        2,
        4,
        null,
        null,
        0,
        0,
        0,
        null,
        null,
        null,
        1,
        3,
        3,
        3,
        1,
        2,
        null,
        0,
        null,
        null,
        4,
        null,
        null,
        null,
        1,
        3,
        3,
        3,
        1,
        2,
        null,
        0,
        null,
        null,
        4,
        null,
        null,
        null,
        1,
        1,
        3,
        null,
        null
      ],
      "/Users/shailykhamesra/library_system/spec/controllers/libraries_controller_spec.rb": [
        1,
        1,
        1,
        1,
        1,
        1,
        null,
        null,
        1,
        1,
        1,
        1,
        1,
        null,
        1,
        1,
        1,
        1,
        1,
        null,
        null,
        1,
        1,
        1,
        1,
        1,
        null,
        null,
        1,
        1,
        1,
        1,
        1,
        null,
        1,
        1,
        1,
        1,
        1,
        null,
        null,
        1,
        1,
        1,
        1,
        null,
        1,
        1,
        1,
        null,
        null,
        1,
        1,
        1,
        1,
        1,
        1,
        1,
        null,
        1,
        1,
        1,
        1,
        1,
        null,
        1,
        1,
        1,
        1,
        1,
        null,
        null,
        1,
        1,
        1,
        1,
        1,
        null,
        1,
        1,
        1,
        null,
        null,
        null
      ],
      "/Users/shailykhamesra/library_system/app/controllers/libraries_controller.rb": [
        1,
        1,
        1,
        1,
        2,
        null,
        null,
        1,
        2,
        2,
        2,
        2,
        null,
        2,
        null,
        null,
        null,
        1,
        1,
        1,
        2,
        null,
        null,
        1,
        2,
        2,
        2,
        2,
        null,
        2,
        null,
        null,
        null,
        1,
        2,
        2,
        2,
        1,
        2,
        null,
        null,
        1,
        2,
        null,
        null,
        0,
        0,
        0,
        null,
        null,
        null,
        1,
        3,
        3,
        3,
        1,
        2,
        null,
        4,
        null,
        null,
        null,
        1,
        2,
        2,
        2,
        1,
        2,
        null,
        2,
        null,
        null,
        null,
        1,
        1,
        3,
        null,
        null,
        null
      ],
      "/Users/shailykhamesra/library_system/spec/controllers/members_controller_spec.rb": [
        1,
        1,
        1,
        1,
        1,
        1,
        null,
        null,
        1,
        1,
        1,
        1,
        1,
        null,
        1,
        1,
        1,
        1,
        1,
        null,
        null,
        1,
        1,
        1,
        1,
        1,
        null,
        null,
        1,
        1,
        1,
        1,
        1,
        null,
        1,
        1,
        1,
        1,
        1,
        null,
        null,
        1,
        1,
        1,
        1,
        1,
        null,
        1,
        1,
        1,
        1,
        1,
        null,
        null,
        1,
        1,
        1,
        1,
        1,
        1,
        1,
        null,
        1,
        1,
        1,
        1,
        1,
        null,
        1,
        1,
        1,
        1,
        1,
        1,
        null,
        null,
        1,
        1,
        1,
        1,
        1,
        null,
        1,
        1,
        1,
        1,
        1,
        null,
        1,
        1,
        1,
        null,
        null,
        null
      ],
      "/Users/shailykhamesra/library_system/app/controllers/members_controller.rb": [
        1,
        1,
        1,
        1,
        2,
        null,
        null,
        1,
        2,
        2,
        2,
        2,
        null,
        2,
        null,
        null,
        null,
        1,
        1,
        1,
        2,
        null,
        null,
        1,
        2,
        2,
        2,
        2,
        null,
        2,
        null,
        null,
        null,
        1,
        2,
        2,
        2,
        1,
        2,
        null,
        null,
        1,
        2,
        null,
        null,
        0,
        0,
        0,
        null,
        null,
        null,
        1,
        3,
        3,
        3,
        1,
        2,
        null,
        4,
        null,
        null,
        null,
        1,
        3,
        3,
        3,
        1,
        2,
        null,
        4,
        null,
        null,
        null,
        1,
        1,
        3,
        null,
        null
      ],
      "/Users/shailykhamesra/library_system/spec/models/book_spec.rb": [
        1,
        null,
        1,
        1,
        1,
        1,
        null,
        1,
        1,
        null,
        null,
        1,
        1,
        1,
        1,
        1,
        1,
        1,
        null,
        1,
        1,
        1,
        1,
        1,
        1,
        1,
        null,
        1,
        1,
        1,
        1,
        null,
        1,
        1,
        1,
        1,
        1,
        null,
        1,
        1,
        1,
        1,
        null,
        1,
        1,
        1,
        1,
        1,
        null,
        null,
        null
      ],
      "/Users/shailykhamesra/library_system/app/models/book.rb": [
        1,
        1,
        1,
        1,
        1,
        null
      ],
      "/Users/shailykhamesra/library_system/app/models/application_record.rb": [
        1,
        1,
        null
      ],
      "/Users/shailykhamesra/library_system/spec/models/category_spec.rb": [
        1,
        null,
        1,
        1,
        1,
        1,
        null,
        1,
        1,
        null,
        null,
        1,
        1,
        1,
        1,
        1,
        1,
        1,
        null,
        1,
        1,
        1,
        1,
        1,
        1,
        1,
        null,
        null,
        null
      ],
      "/Users/shailykhamesra/library_system/app/models/category.rb": [
        1,
        1,
        1,
        null
      ],
      "/Users/shailykhamesra/library_system/spec/models/issue_history_spec.rb": [
        1,
        null,
        1,
        1,
        1,
        1,
        null,
        1,
        1,
        null,
        null,
        1,
        1,
        1,
        1,
        1,
        null,
        1,
        1,
        1,
        1,
        1,
        null,
        1,
        1,
        1,
        1,
        null,
        1,
        1,
        1,
        1,
        1,
        null,
        null,
        null
      ],
      "/Users/shailykhamesra/library_system/app/models/issue_history.rb": [
        1,
        1,
        1,
        1,
        null
      ],
      "/Users/shailykhamesra/library_system/spec/models/library_spec.rb": [
        1,
        null,
        1,
        1,
        1,
        1,
        null,
        1,
        1,
        null,
        1,
        1,
        null,
        1,
        1,
        null,
        1,
        1,
        null,
        1,
        1,
        null,
        null,
        1,
        1,
        1,
        1,
        1,
        1,
        1,
        null,
        1,
        1,
        1,
        1,
        1,
        1,
        null,
        1,
        1,
        1,
        1,
        1,
        1,
        1,
        null,
        1,
        1,
        1,
        1,
        1,
        1,
        1,
        null,
        null,
        null,
        null,
        null
      ],
      "/Users/shailykhamesra/library_system/app/models/library.rb": [
        1,
        1,
        1,
        1,
        1,
        1,
        null
      ],
      "/Users/shailykhamesra/library_system/spec/models/member_spec.rb": [
        1,
        null,
        1,
        1,
        1,
        1,
        null,
        1,
        1,
        null,
        1,
        1,
        null,
        1,
        1,
        null,
        1,
        1,
        null,
        1,
        1,
        null,
        null,
        1,
        1,
        1,
        1,
        1,
        1,
        1,
        null,
        1,
        1,
        1,
        1,
        1,
        1,
        1,
        null,
        1,
        1,
        1,
        1,
        null,
        1,
        1,
        1,
        1,
        1,
        null,
        null,
        null,
        null,
        null
      ],
      "/Users/shailykhamesra/library_system/app/models/member.rb": [
        1,
        1,
        1,
        1,
        1,
        1,
        1,
        null
      ]
    },
    "timestamp": 1516438954
  }
}
