{
  "RSpec": {
    "coverage": {
      "/Users/shailykhamesra/library_system/spec/controllers/libraries_controller_spec.rb": [
        1,
        1,
        1,
        1,
        1,
        1,
        null,
        null,
        1,
        1,
        1,
        1,
        1,
        null,
        1,
        1,
        1,
        1,
        1,
        null,
        null,
        1,
        1,
        1,
        1,
        1,
        null,
        null,
        1,
        1,
        1,
        1,
        1,
        null,
        1,
        1,
        1,
        1,
        1,
        null,
        null,
        1,
        1,
        1,
        1,
        null,
        1,
        1,
        1,
        null,
        null,
        1,
        1,
        1,
        1,
        1,
        null,
        1,
        1,
        1,
        1,
        1,
        null,
        1,
        1,
        1,
        1,
        1,
        null,
        null,
        1,
        1,
        1,
        1,
        1,
        null,
        1,
        1,
        1,
        null,
        null,
        null
      ],
      "/Users/shailykhamesra/library_system/spec/rails_helper.rb": [
        null,
        1,
        1,
        1,
        null,
        1,
        1,
        null,
        null,
        null,
        null,
        null,
        null,
        null,
        null,
        null,
        null,
        null,
        null,
        null,
        null,
        null,
        null,
        null,
        null,
        null,
        1,
        null,
        1,
        null,
        1,
        null,
        null,
        null,
        null,
        1,
        null,
        null,
        null,
        null,
        null,
        null,
        null,
        null,
        null,
        null,
        null,
        null,
        null,
        null,
        1,
        null,
        null,
        1,
        null,
        null,
        null
      ],
      "/Users/shailykhamesra/library_system/config/environment.rb": [
        null,
        1,
        null,
        null,
        1
      ],
      "/Users/shailykhamesra/library_system/config/application.rb": [
        1,
        null,
        1,
        null,
        null,
        null,
        1,
        null,
        1,
        1,
        null,
        1,
        null,
        null,
        null,
        null,
        null,
        null
      ],
      "/Users/shailykhamesra/library_system/config/boot.rb": [
        1,
        null,
        1
      ],
      "/Users/shailykhamesra/library_system/config/environments/test.rb": [
        1,
        null,
        null,
        null,
        null,
        null,
        null,
        1,
        null,
        null,
        null,
        null,
        1,
        null,
        null,
        1,
        1,
        null,
        null,
        null,
        null,
        1,
        1,
        null,
        null,
        1,
        null,
        null,
        1,
        1,
        null,
        null,
        null,
        null,
        1,
        null,
        null,
        1,
        null,
        null,
        null,
        null
      ],
      "/Users/shailykhamesra/library_system/config/initializers/application_controller_renderer.rb": [
        null,
        null,
        null,
        null,
        null,
        null,
        null,
        null
      ],
      "/Users/shailykhamesra/library_system/config/initializers/assets.rb": [
        null,
        null,
        null,
        1,
        null,
        null,
        null,
        null,
        1,
        null,
        null,
        null,
        null,
        null
      ],
      "/Users/shailykhamesra/library_system/config/initializers/backtrace_silencers.rb": [
        null,
        null,
        null,
        null,
        null,
        null,
        null
      ],
      "/Users/shailykhamesra/library_system/config/initializers/cookies_serializer.rb": [
        null,
        null,
        null,
        null,
        1
      ],
      "/Users/shailykhamesra/library_system/config/initializers/filter_parameter_logging.rb": [
        null,
        null,
        null,
        1
      ],
      "/Users/shailykhamesra/library_system/config/initializers/inflections.rb": [
        null,
        null,
        null,
        null,
        null,
        null,
        null,
        null,
        null,
        null,
        null,
        null,
        null,
        null,
        null,
        null
      ],
      "/Users/shailykhamesra/library_system/config/initializers/mime_types.rb": [
        null,
        null,
        null,
        null
      ],
      "/Users/shailykhamesra/library_system/config/initializers/wrap_parameters.rb": [
        null,
        null,
        null,
        null,
        null,
        null,
        1,
        2,
        null,
        null,
        null,
        null,
        null,
        null
      ],
      "/Users/shailykhamesra/library_system/spec/factories/books.rb": [
        1,
        1,
        1,
        1,
        1,
        null,
        null
      ],
      "/Users/shailykhamesra/library_system/spec/factories/categories.rb": [
        1,
        1,
        1,
        null,
        null
      ],
      "/Users/shailykhamesra/library_system/spec/factories/issue_histories.rb": [
        1,
        1,
        1,
        1,
        1,
        null,
        null
      ],
      "/Users/shailykhamesra/library_system/spec/factories/libraries.rb": [
        1,
        1,
        1,
        1,
        1,
        null,
        null
      ],
      "/Users/shailykhamesra/library_system/spec/factories/members.rb": [
        1,
        1,
        1,
        1,
        1,
        1,
        null,
        null
      ],
      "/Users/shailykhamesra/library_system/config/routes.rb": [
        1,
        1,
        1,
        1,
        1,
        1,
        1,
        1,
        null,
        null
      ],
      "/Users/shailykhamesra/library_system/app/helpers/application_helper.rb": [
        1,
        null
      ],
      "/Users/shailykhamesra/library_system/app/controllers/libraries_controller.rb": [
        1,
        1,
        1,
        1,
        2,
        null,
        null,
        1,
        2,
        2,
        2,
        2,
        null,
        2,
        null,
        null,
        null,
        1,
        1,
        1,
        2,
        null,
        null,
        1,
        2,
        2,
        2,
        2,
        null,
        2,
        null,
        null,
        null,
        1,
        2,
        2,
        2,
        1,
        2,
        null,
        null,
        1,
        2,
        null,
        null,
        0,
        0,
        0,
        null,
        null,
        null,
        1,
        3,
        3,
        3,
        1,
        2,
        null,
        4,
        null,
        null,
        null,
        1,
        2,
        2,
        2,
        1,
        2,
        null,
        2,
        null,
        null,
        null,
        1,
        1,
        3,
        null,
        null,
        null
      ],
      "/Users/shailykhamesra/library_system/app/controllers/application_controller.rb": [
        1,
        1,
        null
      ],
      "/Users/shailykhamesra/library_system/app/models/library.rb": [
        1,
        1,
        1,
        1,
        1,
        1,
        null
      ]
    },
    "timestamp": 1516281080
  }
}
